<?xml version="1.0" encoding="UTF-8"?>
<!-- Generated by org.testng.reporters.JUnitReportReporter -->
<testsuite skipped="0" hostname="LAPTOP-3VORLA4B" name="com.mindtree.TestCases.TC_TVUnits" tests="1" failures="0" timestamp="2022-05-24T11:19:17 IST" time="2.300" errors="0">
  <testcase name="tvUnits" time="2.300" classname="com.mindtree.TestCases.TC_TVUnits"/>
  <system-out/>
</testsuite> <!-- com.mindtree.TestCases.TC_TVUnits -->
