<?xml version="1.0" encoding="UTF-8"?>
<!-- Generated by org.testng.reporters.JUnitReportReporter -->
<testsuite skipped="0" hostname="LAPTOP-3VORLA4B" name="com.mindtree.TestCases.TC_GiftCard" tests="1" failures="0" timestamp="2022-05-24T11:19:17 IST" time="7.539" errors="0">
  <testcase name="giftCard" time="7.539" classname="com.mindtree.TestCases.TC_GiftCard"/>
  <system-out/>
</testsuite> <!-- com.mindtree.TestCases.TC_GiftCard -->
